<?xml version="1.0" encoding="utf-8"?><testsuites name="pytest tests"><testsuite name="pytest" errors="0" failures="0" skipped="0" tests="0" time="0.076" timestamp="2025-10-14T23:11:06.263688-04:00" hostname="ElidorasCodex" /></testsuites>